2026-06-15 15:38:04,738 INFO: ========== ReachUp AI Startup ========== [in C:\Users\Dell\reachup\reachup\app.py:39]
2026-06-15 15:38:06,079 INFO: ========== ReachUp AI Startup ========== [in C:\Users\Dell\reachup\reachup\app.py:39]
2026-06-16 16:11:50,007 INFO: ========== ReachUp AI Startup ========== [in C:\Users\Dell\reachup\reachup\app.py:39]
2026-06-16 16:11:51,528 INFO: ========== ReachUp AI Startup ========== [in C:\Users\Dell\reachup\reachup\app.py:39]
2026-06-16 16:28:33,593 INFO: ========== ReachUp AI Startup ========== [in C:\Users\Dell\reachup\reachup\app.py:41]
2026-06-16 16:28:34,780 INFO: ========== ReachUp AI Startup ========== [in C:\Users\Dell\reachup\reachup\app.py:41]
2026-06-16 16:32:09,540 INFO: ========== ReachUp AI Startup ========== [in C:\Users\Dell\reachup\reachup\app.py:41]
2026-06-16 16:32:10,714 INFO: ========== ReachUp AI Startup ========== [in C:\Users\Dell\reachup\reachup\app.py:41]
2026-06-16 16:32:18,443 WARNING: [REGISTER] Failed - Email already exists: abdulrehmansqae+1@gmail.com [in C:\Users\Dell\reachup\reachup\app.py:314]
2026-06-16 16:40:08,912 INFO: ========== ReachUp AI Startup ========== [in C:\Users\Dell\reachup\reachup\app.py:41]
2026-06-16 16:40:10,086 INFO: ========== ReachUp AI Startup ========== [in C:\Users\Dell\reachup\reachup\app.py:41]
2026-06-17 04:37:32,976 INFO: ========== ReachUp AI Startup ========== [in C:\Users\Dell\reachup\reachup\app.py:41]
2026-06-17 04:37:34,728 INFO: ========== ReachUp AI Startup ========== [in C:\Users\Dell\reachup\reachup\app.py:41]
2026-06-17 04:43:57,867 INFO: ========== ReachUp AI Startup ========== [in C:\Users\Dell\reachup\reachup\app.py:41]
2026-06-17 04:43:59,674 INFO: ========== ReachUp AI Startup ========== [in C:\Users\Dell\reachup\reachup\app.py:41]
2026-06-17 04:44:07,361 INFO: [LOGIN] OK User logged in: abdulrehmansqae+23@gmail.com (6666) [in C:\Users\Dell\reachup\reachup\app.py:350]
2026-06-21 15:49:01,552 INFO: ========== ReachUp AI Startup ========== [in C:\Users\Dell\reachup\reachup\app.py:41]
2026-06-21 15:49:04,083 INFO: ========== ReachUp AI Startup ========== [in C:\Users\Dell\reachup\reachup\app.py:41]
2026-06-21 15:50:38,443 INFO: ========== ReachUp AI Startup ========== [in C:\Users\Dell\reachup\reachup\app.py:41]
2026-06-21 15:50:40,160 INFO: ========== ReachUp AI Startup ========== [in C:\Users\Dell\reachup\reachup\app.py:41]
2026-06-21 15:54:54,870 INFO: ========== ReachUp AI Startup ========== [in C:\Users\Dell\reachup\reachup\app.py:42]
2026-06-21 15:55:14,782 INFO: ========== ReachUp AI Startup ========== [in C:\Users\Dell\reachup\reachup\app.py:42]
2026-06-21 15:55:16,522 INFO: ========== ReachUp AI Startup ========== [in C:\Users\Dell\reachup\reachup\app.py:42]
2026-06-21 15:58:47,668 INFO: ========== ReachUp AI Startup ========== [in C:\Users\Dell\reachup\reachup\app.py:42]
2026-06-21 15:58:49,791 INFO: ========== ReachUp AI Startup ========== [in C:\Users\Dell\reachup\reachup\app.py:42]
2026-06-21 15:58:59,639 INFO: [HEALTH SCORE] Analyzing: mani737282 [in C:\Users\Dell\reachup\reachup\app.py:1137]
2026-06-21 15:59:14,596 ERROR: [INSTAGRAM ANALYSIS] Error analyzing mani737282: login_required [in C:\Users\Dell\reachup\reachup\app.py:351]
2026-06-21 15:59:14,606 WARNING: [HEALTH SCORE] Error analyzing mani737282 [in C:\Users\Dell\reachup\reachup\app.py:1143]
2026-06-21 15:59:26,373 INFO: [HEALTH SCORE] Analyzing: mddevents [in C:\Users\Dell\reachup\reachup\app.py:1137]
2026-06-21 15:59:41,147 ERROR: [INSTAGRAM ANALYSIS] Error analyzing mddevents: login_required [in C:\Users\Dell\reachup\reachup\app.py:351]
2026-06-21 15:59:41,154 WARNING: [HEALTH SCORE] Error analyzing mddevents [in C:\Users\Dell\reachup\reachup\app.py:1143]
2026-06-21 16:00:33,282 INFO: [HEALTH SCORE] Analyzing: unstoppableyaz [in C:\Users\Dell\reachup\reachup\app.py:1137]
2026-06-21 16:00:48,052 ERROR: [INSTAGRAM ANALYSIS] Error analyzing unstoppableyaz: login_required [in C:\Users\Dell\reachup\reachup\app.py:351]
2026-06-21 16:00:48,062 WARNING: [HEALTH SCORE] Error analyzing unstoppableyaz [in C:\Users\Dell\reachup\reachup\app.py:1143]
2026-06-21 16:01:01,253 INFO: [HEALTH SCORE] Analyzing: abdulrehma_n1 [in C:\Users\Dell\reachup\reachup\app.py:1137]
2026-06-21 16:01:16,018 ERROR: [INSTAGRAM ANALYSIS] Error analyzing abdulrehma_n1: login_required [in C:\Users\Dell\reachup\reachup\app.py:351]
2026-06-21 16:01:16,037 WARNING: [HEALTH SCORE] Error analyzing abdulrehma_n1 [in C:\Users\Dell\reachup\reachup\app.py:1143]
2026-06-22 16:26:19,358 INFO: ========== ReachUp AI Startup ========== [in C:\Users\Dell\reachup\reachup\app.py:43]
2026-06-22 16:30:25,723 INFO: ========== ReachUp AI Startup ========== [in C:\Users\Dell\reachup\reachup\app.py:43]
2026-06-22 16:30:27,270 INFO: ========== ReachUp AI Startup ========== [in C:\Users\Dell\reachup\reachup\app.py:43]
2026-06-22 16:31:10,114 WARNING: [LOGIN] X Failed - Invalid credentials: abdulrehmansqae@gmail.com [in C:\Users\Dell\reachup\reachup\app.py:502]
2026-06-22 16:31:20,179 INFO: [LOGIN] OK User logged in: abdulrehmansqae@gmail.com (Abdul Rehman) [in C:\Users\Dell\reachup\reachup\app.py:499]
2026-06-22 16:31:26,821 INFO: [ADMIN] OK Admin panel accessed by: abdulrehmansqae@gmail.com [in C:\Users\Dell\reachup\reachup\app.py:1116]
2026-06-22 16:32:13,068 WARNING: [DM] X Access denied (trial_expired): abdulrehmansqae@gmail.com [in C:\Users\Dell\reachup\reachup\app.py:787]
2026-06-22 16:32:24,251 INFO: [ADMIN] OK Admin panel accessed by: abdulrehmansqae@gmail.com [in C:\Users\Dell\reachup\reachup\app.py:1116]
2026-06-22 16:32:29,104 INFO: [ADMIN] OK Upgraded user abdulrehmansqae@gmail.com to pro plan (Admin: abdulrehmansqae@gmail.com) [in C:\Users\Dell\reachup\reachup\app.py:1142]
2026-06-22 16:32:31,152 INFO: [ADMIN] OK Admin panel accessed by: abdulrehmansqae@gmail.com [in C:\Users\Dell\reachup\reachup\app.py:1116]
2026-06-22 16:32:37,418 ERROR: [DM] ERROR - abdulrehmansqae@gmail.com: module 'datetime' has no attribute 'now' [in C:\Users\Dell\reachup\reachup\app.py:834]
2026-06-22 16:32:44,804 ERROR: [DM] ERROR - abdulrehmansqae@gmail.com: module 'datetime' has no attribute 'now' [in C:\Users\Dell\reachup\reachup\app.py:834]
2026-06-22 16:34:45,307 INFO: ========== ReachUp AI Startup ========== [in C:\Users\Dell\reachup\reachup\app.py:44]
2026-06-22 16:36:20,640 INFO: ========== ReachUp AI Startup ========== [in C:\Users\Dell\reachup\reachup\app.py:44]
2026-06-22 16:39:24,169 INFO: ========== ReachUp AI Startup ========== [in C:\Users\Dell\reachup\reachup\app.py:43]
2026-06-22 16:41:22,670 INFO: ========== ReachUp AI Startup ========== [in C:\Users\Dell\reachup\reachup\app.py:43]
2026-06-22 16:41:24,172 INFO: ========== ReachUp AI Startup ========== [in C:\Users\Dell\reachup\reachup\app.py:43]
2026-06-22 16:41:50,454 ERROR: [DM] ERROR - abdulrehmansqae@gmail.com: Error code: 401 - {'error': {'message': 'Invalid API Key', 'type': 'invalid_request_error', 'code': 'invalid_api_key'}} [in C:\Users\Dell\reachup\reachup\app.py:834]
2026-06-22 16:43:02,658 WARNING: [LOGIN] X Failed - Invalid credentials: abdulrehmansqae@gmail.com [in C:\Users\Dell\reachup\reachup\app.py:502]
2026-06-22 16:43:13,826 INFO: [LOGIN] OK User logged in: abdulrehmansqae@gmail.com (Abdul Rehman) [in C:\Users\Dell\reachup\reachup\app.py:499]
2026-06-22 16:43:26,274 INFO: [INQUIRIES] Dashboard accessed by user abdulrehmansqae@gmail.com [in C:\Users\Dell\reachup\reachup\app.py:1233]
2026-06-22 16:43:49,018 INFO: [INQUIRIES] New inquiry created for abdulrehmansqae@gmail.com: MDd [in C:\Users\Dell\reachup\reachup\app.py:1264]
2026-06-22 16:44:03,931 ERROR: [INQUIRY] Error generating response: Error code: 401 - {'error': {'message': 'Invalid API Key', 'type': 'invalid_request_error', 'code': 'invalid_api_key'}} [in C:\Users\Dell\reachup\reachup\app.py:436]
2026-06-22 16:44:03,942 INFO: [INQUIRIES] Response generated for inquiry 1 [in C:\Users\Dell\reachup\reachup\app.py:1294]
2026-06-22 16:44:14,661 INFO: [INQUIRIES] Inquiry 1 status updated to booked [in C:\Users\Dell\reachup\reachup\app.py:1331]
2026-06-22 16:44:21,228 INFO: [INQUIRIES] Dashboard accessed by user abdulrehmansqae@gmail.com [in C:\Users\Dell\reachup\reachup\app.py:1233]
2026-06-22 16:44:30,411 INFO: [INQUIRIES] Inquiry 1 status updated to rejected [in C:\Users\Dell\reachup\reachup\app.py:1331]
2026-06-22 16:44:35,014 INFO: [INQUIRIES] Dashboard accessed by user abdulrehmansqae@gmail.com [in C:\Users\Dell\reachup\reachup\app.py:1233]
